<?xml version="1.0" encoding="UTF-8"?>
<testsuites name="nextest-run" tests="6" skipped="0" failures="0" errors="0" uuid="42ca383f-1b9f-439e-9411-b928b3a1aac2" timestamp="2026-09-26T12:24:07.868+00:00" time="0.014">
    <testsuite name="rsdemo" tests="4" skipped="0" errors="0" failures="0">
        <testcase name="tests::mid_again" classname="rsdemo" timestamp="2026-09-26T12:24:07.868+00:00" time="0.006"/>
        <testcase name="tests::high" classname="rsdemo" timestamp="2026-09-26T12:24:07.869+00:00" time="0.007"/>
        <testcase name="tests::low" classname="rsdemo" timestamp="2026-09-26T12:24:07.869+00:00" time="0.007"/>
        <testcase name="tests::mid" classname="rsdemo" timestamp="2026-09-26T12:24:07.869+00:00" time="0.007"/>
    </testsuite>
    <testsuite name="rsdemo::sign" tests="2" skipped="0" errors="0" failures="0">
        <testcase name="neg" classname="rsdemo::sign" timestamp="2026-09-26T12:24:07.875+00:00" time="0.005"/>
        <testcase name="pos" classname="rsdemo::sign" timestamp="2026-09-26T12:24:07.877+00:00" time="0.006"/>
    </testsuite>
</testsuites>
